{"uid":"478e33de3509c099","name":"Agregar Tarjeta de Crédito","fullName":"Nuevo registro direccion: Agregar Tarjeta de Crédito","historyId":"40cd23ceeef757257dc445627426ece0","time":{"start":1751380700058,"stop":1751380718749,"duration":18691},"description":"  Como visitante del sitio web de comercio electrónico\n  Quiero poder registrar mi direccion de envio\n  Para recibir mi pedido en mi domicilio","descriptionHtml":"<p>Como visitante del sitio web de comercio electrónico<br />\nQuiero poder registrar mi direccion de envio<br />\nPara recibir mi pedido en mi domicilio</p>\n","status":"broken","statusMessage":"java.lang.reflect.InvocationTargetException\nBuild info: version: '4.33.0', revision: '2c6aaad03a'\nSystem info: os.name: 'Windows 11', os.arch: 'amd64', os.version: '10.0', java.version: '23.0.2'\nDriver info: org.openqa.selenium.chrome.ChromeDriver\nCommand: [3b68f19b9559ee4027e6ae6cdeeab3f1, actions {actions=[org.openqa.selenium.interactions.Sequence@4570d7b6]}]\nCapabilities {acceptInsecureCerts: false, browserName: chrome, browserVersion: 137.0.7151.122, chrome: {chromedriverVersion: 137.0.7151.119 (e0ac9d12dff..., userDataDir: C:\\Users\\crish\\AppData\\Loca...}, fedcm:accounts: true, goog:chromeOptions: {debuggerAddress: localhost:59349}, networkConnectionEnabled: false, pageLoadStrategy: normal, platformName: windows, proxy: Proxy(), se:cdp: ws://localhost:59349/devtoo..., se:cdpVersion: 137.0.7151.122, setWindowRect: true, strictFileInteractability: false, timeouts: {implicit: 0, pageLoad: 300000, script: 30000}, unhandledPromptBehavior: dismiss and notify, webauthn:extension:credBlob: true, webauthn:extension:largeBlob: true, webauthn:extension:minPinLength: true, webauthn:extension:prf: true, webauthn:virtualAuthenticators: true}\nSession ID: 3b68f19b9559ee4027e6ae6cdeeab3f1","statusTrace":"org.openqa.selenium.json.JsonException: java.lang.reflect.InvocationTargetException\nBuild info: version: '4.33.0', revision: '2c6aaad03a'\nSystem info: os.name: 'Windows 11', os.arch: 'amd64', os.version: '10.0', java.version: '23.0.2'\nDriver info: org.openqa.selenium.chrome.ChromeDriver\nCommand: [3b68f19b9559ee4027e6ae6cdeeab3f1, actions {actions=[org.openqa.selenium.interactions.Sequence@4570d7b6]}]\nCapabilities {acceptInsecureCerts: false, browserName: chrome, browserVersion: 137.0.7151.122, chrome: {chromedriverVersion: 137.0.7151.119 (e0ac9d12dff..., userDataDir: C:\\Users\\crish\\AppData\\Loca...}, fedcm:accounts: true, goog:chromeOptions: {debuggerAddress: localhost:59349}, networkConnectionEnabled: false, pageLoadStrategy: normal, platformName: windows, proxy: Proxy(), se:cdp: ws://localhost:59349/devtoo..., se:cdpVersion: 137.0.7151.122, setWindowRect: true, strictFileInteractability: false, timeouts: {implicit: 0, pageLoad: 300000, script: 30000}, unhandledPromptBehavior: dismiss and notify, webauthn:extension:credBlob: true, webauthn:extension:largeBlob: true, webauthn:extension:minPinLength: true, webauthn:extension:prf: true, webauthn:virtualAuthenticators: true}\nSession ID: 3b68f19b9559ee4027e6ae6cdeeab3f1\r\n\tat org.openqa.selenium.json.JsonOutput.convertUsingMethod(JsonOutput.java:520)\r\n\tat org.openqa.selenium.json.JsonOutput.lambda$new$16(JsonOutput.java:182)\r\n\tat org.openqa.selenium.json.JsonOutput.write0(JsonOutput.java:409)\r\n\tat org.openqa.selenium.json.JsonOutput.lambda$new$22(JsonOutput.java:204)\r\n\tat java.base/java.util.stream.ForEachOps$ForEachOp$OfRef.accept(ForEachOps.java:184)\r\n\tat java.base/java.util.stream.ReferencePipeline$2$1.accept(ReferencePipeline.java:197)\r\n\tat java.base/java.util.Iterator.forEachRemaining(Iterator.java:133)\r\n\tat java.base/java.util.Spliterators$IteratorSpliterator.forEachRemaining(Spliterators.java:1939)\r\n\tat java.base/java.util.stream.AbstractPipeline.copyInto(AbstractPipeline.java:570)\r\n\tat java.base/java.util.stream.AbstractPipeline.wrapAndCopyInto(AbstractPipeline.java:560)\r\n\tat java.base/java.util.stream.ForEachOps$ForEachOp.evaluateSequential(ForEachOps.java:151)\r\n\tat java.base/java.util.stream.ForEachOps$ForEachOp$OfRef.evaluateSequential(ForEachOps.java:174)\r\n\tat java.base/java.util.stream.AbstractPipeline.evaluate(AbstractPipeline.java:265)\r\n\tat java.base/java.util.stream.ReferencePipeline.forEach(ReferencePipeline.java:636)\r\n\tat org.openqa.selenium.json.JsonOutput.lambda$new$23(JsonOutput.java:204)\r\n\tat org.openqa.selenium.json.JsonOutput.write0(JsonOutput.java:409)\r\n\tat org.openqa.selenium.json.JsonOutput.lambda$new$24(JsonOutput.java:222)\r\n\tat java.base/java.util.Map.forEach(Map.java:733)\r\n\tat org.openqa.selenium.json.JsonOutput.lambda$new$25(JsonOutput.java:217)\r\n\tat org.openqa.selenium.json.JsonOutput.write0(JsonOutput.java:409)\r\n\tat org.openqa.selenium.json.JsonOutput.write(JsonOutput.java:400)\r\n\tat org.openqa.selenium.json.Json.toJson(Json.java:133)\r\n\tat org.openqa.selenium.json.Json.toJson(Json.java:119)\r\n\tat org.openqa.selenium.remote.codec.AbstractHttpCommandCodec.encode(AbstractHttpCommandCodec.java:236)\r\n\tat org.openqa.selenium.remote.codec.AbstractHttpCommandCodec.encode(AbstractHttpCommandCodec.java:109)\r\n\tat org.openqa.selenium.remote.HttpCommandExecutor.execute(HttpCommandExecutor.java:203)\r\n\tat org.openqa.selenium.remote.service.DriverCommandExecutor.invokeExecute(DriverCommandExecutor.java:216)\r\n\tat org.openqa.selenium.remote.service.DriverCommandExecutor.execute(DriverCommandExecutor.java:174)\r\n\tat org.openqa.selenium.remote.RemoteWebDriver.execute(RemoteWebDriver.java:544)\r\n\tat org.openqa.selenium.remote.RemoteWebDriver.perform(RemoteWebDriver.java:630)\r\n\tat org.openqa.selenium.interactions.Actions$BuiltAction.perform(Actions.java:616)\r\n\tat org.openqa.selenium.interactions.Actions.perform(Actions.java:581)\r\n\tat com.juice.factory.CreditCardPage.navigateToCreditCardMenuPage(CreditCardPage.java:65)\r\n\tat com.juice.steps.CreditCardSteps.el_usuario_accede_a_la_sección_de_información_de_pago(CreditCardSteps.java:24)\r\n\tat ✽.el usuario accede a la sección de información de pago(file:///C:/Users/crish/IdeaProjects/SeleniumWebFinalProject/src/test/resources/features/account/creditcard.feature:24)\r\n\tSuppressed: org.openqa.selenium.json.JsonException: Attempting to close incomplete json stream\nBuild info: version: '4.33.0', revision: '2c6aaad03a'\nSystem info: os.name: 'Windows 11', os.arch: 'amd64', os.version: '10.0', java.version: '23.0.2'\nDriver info: driver.version: RemoteWebDriver\r\n\t\tat org.openqa.selenium.json.JsonOutput.close(JsonOutput.java:431)\r\n\t\tat org.openqa.selenium.json.Json.toJson(Json.java:131)\r\n\t\tat org.openqa.selenium.json.Json.toJson(Json.java:119)\r\n\t\tat org.openqa.selenium.remote.codec.AbstractHttpCommandCodec.encode(AbstractHttpCommandCodec.java:236)\r\n\t\tat org.openqa.selenium.remote.codec.AbstractHttpCommandCodec.encode(AbstractHttpCommandCodec.java:109)\r\n\t\tat org.openqa.selenium.remote.HttpCommandExecutor.execute(HttpCommandExecutor.java:203)\r\n\t\tat org.openqa.selenium.remote.service.DriverCommandExecutor.invokeExecute(DriverCommandExecutor.java:216)\r\n\t\tat org.openqa.selenium.remote.service.DriverCommandExecutor.execute(DriverCommandExecutor.java:174)\r\n\t\tat org.openqa.selenium.remote.RemoteWebDriver.execute(RemoteWebDriver.java:544)\r\n\t\tat org.openqa.selenium.remote.RemoteWebDriver.perform(RemoteWebDriver.java:630)\r\n\t\tat org.openqa.selenium.interactions.Actions$BuiltAction.perform(Actions.java:616)\r\n\t\tat org.openqa.selenium.interactions.Actions.perform(Actions.java:581)\r\n\t\tat com.juice.factory.CreditCardPage.navigateToCreditCardMenuPage(CreditCardPage.java:65)\r\n\t\tat com.juice.steps.CreditCardSteps.el_usuario_accede_a_la_sección_de_información_de_pago(CreditCardSteps.java:24)\r\n\t\tat java.base/jdk.internal.reflect.DirectMethodHandleAccessor.invoke(DirectMethodHandleAccessor.java:103)\r\n\t\tat java.base/java.lang.reflect.Method.invoke(Method.java:580)\r\n\t\tat io.cucumber.java.Invoker.doInvoke(Invoker.java:66)\r\n\t\tat io.cucumber.java.Invoker.invoke(Invoker.java:24)\r\n\t\tat io.cucumber.java.AbstractGlueDefinition.invokeMethod(AbstractGlueDefinition.java:47)\r\n\t\tat io.cucumber.java.JavaStepDefinition.execute(JavaStepDefinition.java:29)\r\n\t\tat io.cucumber.core.runner.CoreStepDefinition.execute(CoreStepDefinition.java:66)\r\n\t\tat io.cucumber.core.runner.PickleStepDefinitionMatch.runStep(PickleStepDefinitionMatch.java:63)\r\n\t\tat io.cucumber.core.runner.ExecutionMode$1.execute(ExecutionMode.java:10)\r\n\t\tat io.cucumber.core.runner.TestStep.executeStep(TestStep.java:85)\r\n\t\tat io.cucumber.core.runner.TestStep.run(TestStep.java:57)\r\n\t\tat io.cucumber.core.runner.PickleStepTestStep.run(PickleStepTestStep.java:51)\r\n\t\tat io.cucumber.core.runner.TestCase.run(TestCase.java:84)\r\n\t\tat io.cucumber.core.runner.Runner.runPickle(Runner.java:75)\r\n\t\tat io.cucumber.testng.TestNGCucumberRunner.lambda$runScenario$1(TestNGCucumberRunner.java:132)\r\n\t\tat io.cucumber.core.runtime.CucumberExecutionContext.lambda$runTestCase$5(CucumberExecutionContext.java:129)\r\n\t\tat io.cucumber.core.runtime.RethrowingThrowableCollector.executeAndThrow(RethrowingThrowableCollector.java:23)\r\n\t\tat io.cucumber.core.runtime.CucumberExecutionContext.runTestCase(CucumberExecutionContext.java:129)\r\n\t\tat io.cucumber.testng.TestNGCucumberRunner.runScenario(TestNGCucumberRunner.java:129)\r\n\t\tat io.cucumber.testng.AbstractTestNGCucumberTests.runScenario(AbstractTestNGCucumberTests.java:35)\r\n\t\tat java.base/jdk.internal.reflect.DirectMethodHandleAccessor.invoke(DirectMethodHandleAccessor.java:103)\r\n\t\tat java.base/java.lang.reflect.Method.invoke(Method.java:580)\r\n\t\tat org.testng.internal.invokers.MethodInvocationHelper.invokeMethod(MethodInvocationHelper.java:135)\r\n\t\tat org.testng.internal.invokers.TestInvoker.invokeMethod(TestInvoker.java:673)\r\n\t\tat org.testng.internal.invokers.TestInvoker.invokeTestMethod(TestInvoker.java:220)\r\n\t\tat org.testng.internal.invokers.MethodRunner.runInSequence(MethodRunner.java:50)\r\n\t\tat org.testng.internal.invokers.TestInvoker$MethodInvocationAgent.invoke(TestInvoker.java:945)\r\n\t\tat org.testng.internal.invokers.TestInvoker.invokeTestMethods(TestInvoker.java:193)\r\n\t\tat org.testng.internal.invokers.TestMethodWorker.invokeTestMethods(TestMethodWorker.java:146)\r\n\t\tat org.testng.internal.invokers.TestMethodWorker.run(TestMethodWorker.java:128)\r\n\t\tat java.base/java.util.ArrayList.forEach(ArrayList.java:1597)\r\n\t\tat org.testng.TestRunner.privateRun(TestRunner.java:808)\r\n\t\tat org.testng.TestRunner.run(TestRunner.java:603)\r\n\t\tat org.testng.SuiteRunner.runTest(SuiteRunner.java:429)\r\n\t\tat org.testng.SuiteRunner.runSequentially(SuiteRunner.java:423)\r\n\t\tat org.testng.SuiteRunner.privateRun(SuiteRunner.java:383)\r\n\t\tat org.testng.SuiteRunner.run(SuiteRunner.java:326)\r\n\t\tat org.testng.SuiteRunnerWorker.runSuite(SuiteRunnerWorker.java:52)\r\n\t\tat org.testng.SuiteRunnerWorker.run(SuiteRunnerWorker.java:95)\r\n\t\tat org.testng.TestNG.runSuitesSequentially(TestNG.java:1249)\r\n\t\tat org.testng.TestNG.runSuitesLocally(TestNG.java:1169)\r\n\t\tat org.testng.TestNG.runSuites(TestNG.java:1092)\r\n\t\tat org.testng.TestNG.run(TestNG.java:1060)\r\n\t\tat com.intellij.rt.testng.IDEARemoteTestNG.run(IDEARemoteTestNG.java:65)\r\n\t\tat com.intellij.rt.testng.RemoteTestNGStarter.main(RemoteTestNGStarter.java:105)\r\nCaused by: java.lang.reflect.InvocationTargetException\r\n\tat java.base/jdk.internal.reflect.DirectMethodHandleAccessor.invoke(DirectMethodHandleAccessor.java:118)\r\n\tat java.base/java.lang.reflect.Method.invoke(Method.java:580)\r\n\tat org.openqa.selenium.json.JsonOutput.convertUsingMethod(JsonOutput.java:516)\r\n\tat org.openqa.selenium.json.JsonOutput.lambda$new$16(JsonOutput.java:182)\r\n\tat org.openqa.selenium.json.JsonOutput.write0(JsonOutput.java:409)\r\n\tat org.openqa.selenium.json.JsonOutput.lambda$new$22(JsonOutput.java:204)\r\n\tat java.base/java.util.stream.ForEachOps$ForEachOp$OfRef.accept(ForEachOps.java:184)\r\n\tat java.base/java.util.stream.ReferencePipeline$2$1.accept(ReferencePipeline.java:197)\r\n\tat java.base/java.util.Iterator.forEachRemaining(Iterator.java:133)\r\n\tat java.base/java.util.Spliterators$IteratorSpliterator.forEachRemaining(Spliterators.java:1939)\r\n\tat java.base/java.util.stream.AbstractPipeline.copyInto(AbstractPipeline.java:570)\r\n\tat java.base/java.util.stream.AbstractPipeline.wrapAndCopyInto(AbstractPipeline.java:560)\r\n\tat java.base/java.util.stream.ForEachOps$ForEachOp.evaluateSequential(ForEachOps.java:151)\r\n\tat java.base/java.util.stream.ForEachOps$ForEachOp$OfRef.evaluateSequential(ForEachOps.java:174)\r\n\tat java.base/java.util.stream.AbstractPipeline.evaluate(AbstractPipeline.java:265)\r\n\tat java.base/java.util.stream.ReferencePipeline.forEach(ReferencePipeline.java:636)\r\n\tat org.openqa.selenium.json.JsonOutput.lambda$new$23(JsonOutput.java:204)\r\n\tat org.openqa.selenium.json.JsonOutput.write0(JsonOutput.java:409)\r\n\tat org.openqa.selenium.json.JsonOutput.lambda$new$24(JsonOutput.java:222)\r\n\tat java.base/java.util.Map.forEach(Map.java:733)\r\n\tat org.openqa.selenium.json.JsonOutput.lambda$new$25(JsonOutput.java:217)\r\n\tat org.openqa.selenium.json.JsonOutput.write0(JsonOutput.java:409)\r\n\tat org.openqa.selenium.json.JsonOutput.write(JsonOutput.java:400)\r\n\tat org.openqa.selenium.json.Json.toJson(Json.java:133)\r\n\tat org.openqa.selenium.json.Json.toJson(Json.java:119)\r\n\tat org.openqa.selenium.remote.codec.AbstractHttpCommandCodec.encode(AbstractHttpCommandCodec.java:236)\r\n\tat org.openqa.selenium.remote.codec.AbstractHttpCommandCodec.encode(AbstractHttpCommandCodec.java:109)\r\n\tat org.openqa.selenium.remote.HttpCommandExecutor.execute(HttpCommandExecutor.java:203)\r\n\tat org.openqa.selenium.remote.service.DriverCommandExecutor.invokeExecute(DriverCommandExecutor.java:216)\r\n\tat org.openqa.selenium.remote.service.DriverCommandExecutor.execute(DriverCommandExecutor.java:174)\r\n\tat org.openqa.selenium.remote.RemoteWebDriver.execute(RemoteWebDriver.java:544)\r\n\tat org.openqa.selenium.remote.RemoteWebDriver.perform(RemoteWebDriver.java:630)\r\n\tat org.openqa.selenium.interactions.Actions$BuiltAction.perform(Actions.java:616)\r\n\tat org.openqa.selenium.interactions.Actions.perform(Actions.java:581)\r\n\tat com.juice.factory.CreditCardPage.navigateToCreditCardMenuPage(CreditCardPage.java:65)\r\n\tat com.juice.steps.CreditCardSteps.el_usuario_accede_a_la_sección_de_información_de_pago(CreditCardSteps.java:24)\r\n\tat java.base/jdk.internal.reflect.DirectMethodHandleAccessor.invoke(DirectMethodHandleAccessor.java:103)\r\n\tat java.base/java.lang.reflect.Method.invoke(Method.java:580)\r\n\tat io.cucumber.java.Invoker.doInvoke(Invoker.java:66)\r\n\tat io.cucumber.java.Invoker.invoke(Invoker.java:24)\r\n\tat io.cucumber.java.AbstractGlueDefinition.invokeMethod(AbstractGlueDefinition.java:47)\r\n\tat io.cucumber.java.JavaStepDefinition.execute(JavaStepDefinition.java:29)\r\n\tat io.cucumber.core.runner.CoreStepDefinition.execute(CoreStepDefinition.java:66)\r\n\tat io.cucumber.core.runner.PickleStepDefinitionMatch.runStep(PickleStepDefinitionMatch.java:63)\r\n\tat io.cucumber.core.runner.ExecutionMode$1.execute(ExecutionMode.java:10)\r\n\tat io.cucumber.core.runner.TestStep.executeStep(TestStep.java:85)\r\n\tat io.cucumber.core.runner.TestStep.run(TestStep.java:57)\r\n\tat io.cucumber.core.runner.PickleStepTestStep.run(PickleStepTestStep.java:51)\r\n\tat io.cucumber.core.runner.TestCase.run(TestCase.java:84)\r\n\tat io.cucumber.core.runner.Runner.runPickle(Runner.java:75)\r\n\tat io.cucumber.testng.TestNGCucumberRunner.lambda$runScenario$1(TestNGCucumberRunner.java:132)\r\n\tat io.cucumber.core.runtime.CucumberExecutionContext.lambda$runTestCase$5(CucumberExecutionContext.java:129)\r\n\tat io.cucumber.core.runtime.RethrowingThrowableCollector.executeAndThrow(RethrowingThrowableCollector.java:23)\r\n\tat io.cucumber.core.runtime.CucumberExecutionContext.runTestCase(CucumberExecutionContext.java:129)\r\n\tat io.cucumber.testng.TestNGCucumberRunner.runScenario(TestNGCucumberRunner.java:129)\r\n\tat io.cucumber.testng.AbstractTestNGCucumberTests.runScenario(AbstractTestNGCucumberTests.java:35)\r\n\tat java.base/jdk.internal.reflect.DirectMethodHandleAccessor.invoke(DirectMethodHandleAccessor.java:103)\r\n\tat java.base/java.lang.reflect.Method.invoke(Method.java:580)\r\n\tat org.testng.internal.invokers.MethodInvocationHelper.invokeMethod(MethodInvocationHelper.java:135)\r\n\tat org.testng.internal.invokers.TestInvoker.invokeMethod(TestInvoker.java:673)\r\n\tat org.testng.internal.invokers.TestInvoker.invokeTestMethod(TestInvoker.java:220)\r\n\tat org.testng.internal.invokers.MethodRunner.runInSequence(MethodRunner.java:50)\r\n\tat org.testng.internal.invokers.TestInvoker$MethodInvocationAgent.invoke(TestInvoker.java:945)\r\n\tat org.testng.internal.invokers.TestInvoker.invokeTestMethods(TestInvoker.java:193)\r\n\tat org.testng.internal.invokers.TestMethodWorker.invokeTestMethods(TestMethodWorker.java:146)\r\n\tat org.testng.internal.invokers.TestMethodWorker.run(TestMethodWorker.java:128)\r\n\tat java.base/java.util.ArrayList.forEach(ArrayList.java:1597)\r\n\tat org.testng.TestRunner.privateRun(TestRunner.java:808)\r\n\tat org.testng.TestRunner.run(TestRunner.java:603)\r\n\tat org.testng.SuiteRunner.runTest(SuiteRunner.java:429)\r\n\tat org.testng.SuiteRunner.runSequentially(SuiteRunner.java:423)\r\n\tat org.testng.SuiteRunner.privateRun(SuiteRunner.java:383)\r\n\tat org.testng.SuiteRunner.run(SuiteRunner.java:326)\r\n\tat org.testng.SuiteRunnerWorker.runSuite(SuiteRunnerWorker.java:52)\r\n\tat org.testng.SuiteRunnerWorker.run(SuiteRunnerWorker.java:95)\r\n\tat org.testng.TestNG.runSuitesSequentially(TestNG.java:1249)\r\n\tat org.testng.TestNG.runSuitesLocally(TestNG.java:1169)\r\n\tat org.testng.TestNG.runSuites(TestNG.java:1092)\r\n\tat org.testng.TestNG.run(TestNG.java:1060)\r\n\tat com.intellij.rt.testng.IDEARemoteTestNG.run(IDEARemoteTestNG.java:65)\r\n\tat com.intellij.rt.testng.RemoteTestNGStarter.main(RemoteTestNGStarter.java:105)\r\nCaused by: org.openqa.selenium.NoSuchElementException: no such element: Unable to locate element: {\"method\":\"xpath\",\"selector\":\"(//*[@id=\"mat-menu-panel-0\"]//div)[3]\"}\n  (Session info: chrome=137.0.7151.122)\nFor documentation on this error, please visit: https://www.selenium.dev/documentation/webdriver/troubleshooting/errors#no-such-element-exception\nBuild info: version: '4.33.0', revision: '2c6aaad03a'\nSystem info: os.name: 'Windows 11', os.arch: 'amd64', os.version: '10.0', java.version: '23.0.2'\nDriver info: org.openqa.selenium.chrome.ChromeDriver\nCommand: [3b68f19b9559ee4027e6ae6cdeeab3f1, findElement {value=(//*[@id=\"mat-menu-panel-0\"]//div)[3], using=xpath}]\nCapabilities {acceptInsecureCerts: false, browserName: chrome, browserVersion: 137.0.7151.122, chrome: {chromedriverVersion: 137.0.7151.119 (e0ac9d12dff..., userDataDir: C:\\Users\\crish\\AppData\\Loca...}, fedcm:accounts: true, goog:chromeOptions: {debuggerAddress: localhost:59349}, networkConnectionEnabled: false, pageLoadStrategy: normal, platformName: windows, proxy: Proxy(), se:cdp: ws://localhost:59349/devtoo..., se:cdpVersion: 137.0.7151.122, setWindowRect: true, strictFileInteractability: false, timeouts: {implicit: 0, pageLoad: 300000, script: 30000}, unhandledPromptBehavior: dismiss and notify, webauthn:extension:credBlob: true, webauthn:extension:largeBlob: true, webauthn:extension:minPinLength: true, webauthn:extension:prf: true, webauthn:virtualAuthenticators: true}\nSession ID: 3b68f19b9559ee4027e6ae6cdeeab3f1\r\n\tat java.base/jdk.internal.reflect.DirectConstructorHandleAccessor.newInstance(DirectConstructorHandleAccessor.java:62)\r\n\tat java.base/java.lang.reflect.Constructor.newInstanceWithCaller(Constructor.java:501)\r\n\tat java.base/java.lang.reflect.Constructor.newInstance(Constructor.java:485)\r\n\tat org.openqa.selenium.remote.ErrorCodec.decode(ErrorCodec.java:167)\r\n\tat org.openqa.selenium.remote.codec.w3c.W3CHttpResponseCodec.decode(W3CHttpResponseCodec.java:138)\r\n\tat org.openqa.selenium.remote.codec.w3c.W3CHttpResponseCodec.decode(W3CHttpResponseCodec.java:50)\r\n\tat org.openqa.selenium.remote.HttpCommandExecutor.execute(HttpCommandExecutor.java:215)\r\n\tat org.openqa.selenium.remote.service.DriverCommandExecutor.invokeExecute(DriverCommandExecutor.java:216)\r\n\tat org.openqa.selenium.remote.service.DriverCommandExecutor.execute(DriverCommandExecutor.java:174)\r\n\tat org.openqa.selenium.remote.RemoteWebDriver.execute(RemoteWebDriver.java:544)\r\n\tat org.openqa.selenium.remote.ElementLocation$ElementFinder$2.findElement(ElementLocation.java:165)\r\n\tat org.openqa.selenium.remote.ElementLocation.findElement(ElementLocation.java:59)\r\n\tat org.openqa.selenium.remote.RemoteWebDriver.findElement(RemoteWebDriver.java:367)\r\n\tat org.openqa.selenium.remote.RemoteWebDriver.findElement(RemoteWebDriver.java:361)\r\n\tat org.openqa.selenium.support.pagefactory.DefaultElementLocator.findElement(DefaultElementLocator.java:68)\r\n\tat org.openqa.selenium.support.pagefactory.internal.LocatingElementHandler.invoke(LocatingElementHandler.java:38)\r\n\tat jdk.proxy2/jdk.proxy2.$Proxy27.getWrappedElement(Unknown Source)\r\n\tat org.openqa.selenium.interactions.PointerInput$Origin.asArg(PointerInput.java:262)\r\n\tat org.openqa.selenium.interactions.PointerInput$Move.encode(PointerInput.java:211)\r\n\tat org.openqa.selenium.interactions.Sequence.encode(Sequence.java:74)\r\n\tat org.openqa.selenium.interactions.Sequence.toJson(Sequence.java:83)\r\n\tat java.base/jdk.internal.reflect.DirectMethodHandleAccessor.invoke(DirectMethodHandleAccessor.java:103)\r\n\t... 80 more\r\n","flaky":false,"newFailed":false,"newBroken":false,"newPassed":false,"retriesCount":0,"retriesStatusChange":false,"beforeStages":[{"name":"com.juice.hooks.Hooks.setUp()","time":{"start":1751380700066,"stop":1751380706583,"duration":6517},"status":"passed","steps":[],"attachments":[],"parameters":[],"attachmentsCount":0,"shouldDisplayMessage":false,"stepsCount":0,"attachmentStep":false,"hasContent":false}],"testStage":{"description":"  Como visitante del sitio web de comercio electrónico\n  Quiero poder registrar mi direccion de envio\n  Para recibir mi pedido en mi domicilio","status":"broken","statusMessage":"java.lang.reflect.InvocationTargetException\nBuild info: version: '4.33.0', revision: '2c6aaad03a'\nSystem info: os.name: 'Windows 11', os.arch: 'amd64', os.version: '10.0', java.version: '23.0.2'\nDriver info: org.openqa.selenium.chrome.ChromeDriver\nCommand: [3b68f19b9559ee4027e6ae6cdeeab3f1, actions {actions=[org.openqa.selenium.interactions.Sequence@4570d7b6]}]\nCapabilities {acceptInsecureCerts: false, browserName: chrome, browserVersion: 137.0.7151.122, chrome: {chromedriverVersion: 137.0.7151.119 (e0ac9d12dff..., userDataDir: C:\\Users\\crish\\AppData\\Loca...}, fedcm:accounts: true, goog:chromeOptions: {debuggerAddress: localhost:59349}, networkConnectionEnabled: false, pageLoadStrategy: normal, platformName: windows, proxy: Proxy(), se:cdp: ws://localhost:59349/devtoo..., se:cdpVersion: 137.0.7151.122, setWindowRect: true, strictFileInteractability: false, timeouts: {implicit: 0, pageLoad: 300000, script: 30000}, unhandledPromptBehavior: dismiss and notify, webauthn:extension:credBlob: true, webauthn:extension:largeBlob: true, webauthn:extension:minPinLength: true, webauthn:extension:prf: true, webauthn:virtualAuthenticators: true}\nSession ID: 3b68f19b9559ee4027e6ae6cdeeab3f1","statusTrace":"org.openqa.selenium.json.JsonException: java.lang.reflect.InvocationTargetException\nBuild info: version: '4.33.0', revision: '2c6aaad03a'\nSystem info: os.name: 'Windows 11', os.arch: 'amd64', os.version: '10.0', java.version: '23.0.2'\nDriver info: org.openqa.selenium.chrome.ChromeDriver\nCommand: [3b68f19b9559ee4027e6ae6cdeeab3f1, actions {actions=[org.openqa.selenium.interactions.Sequence@4570d7b6]}]\nCapabilities {acceptInsecureCerts: false, browserName: chrome, browserVersion: 137.0.7151.122, chrome: {chromedriverVersion: 137.0.7151.119 (e0ac9d12dff..., userDataDir: C:\\Users\\crish\\AppData\\Loca...}, fedcm:accounts: true, goog:chromeOptions: {debuggerAddress: localhost:59349}, networkConnectionEnabled: false, pageLoadStrategy: normal, platformName: windows, proxy: Proxy(), se:cdp: ws://localhost:59349/devtoo..., se:cdpVersion: 137.0.7151.122, setWindowRect: true, strictFileInteractability: false, timeouts: {implicit: 0, pageLoad: 300000, script: 30000}, unhandledPromptBehavior: dismiss and notify, webauthn:extension:credBlob: true, webauthn:extension:largeBlob: true, webauthn:extension:minPinLength: true, webauthn:extension:prf: true, webauthn:virtualAuthenticators: true}\nSession ID: 3b68f19b9559ee4027e6ae6cdeeab3f1\r\n\tat org.openqa.selenium.json.JsonOutput.convertUsingMethod(JsonOutput.java:520)\r\n\tat org.openqa.selenium.json.JsonOutput.lambda$new$16(JsonOutput.java:182)\r\n\tat org.openqa.selenium.json.JsonOutput.write0(JsonOutput.java:409)\r\n\tat org.openqa.selenium.json.JsonOutput.lambda$new$22(JsonOutput.java:204)\r\n\tat java.base/java.util.stream.ForEachOps$ForEachOp$OfRef.accept(ForEachOps.java:184)\r\n\tat java.base/java.util.stream.ReferencePipeline$2$1.accept(ReferencePipeline.java:197)\r\n\tat java.base/java.util.Iterator.forEachRemaining(Iterator.java:133)\r\n\tat java.base/java.util.Spliterators$IteratorSpliterator.forEachRemaining(Spliterators.java:1939)\r\n\tat java.base/java.util.stream.AbstractPipeline.copyInto(AbstractPipeline.java:570)\r\n\tat java.base/java.util.stream.AbstractPipeline.wrapAndCopyInto(AbstractPipeline.java:560)\r\n\tat java.base/java.util.stream.ForEachOps$ForEachOp.evaluateSequential(ForEachOps.java:151)\r\n\tat java.base/java.util.stream.ForEachOps$ForEachOp$OfRef.evaluateSequential(ForEachOps.java:174)\r\n\tat java.base/java.util.stream.AbstractPipeline.evaluate(AbstractPipeline.java:265)\r\n\tat java.base/java.util.stream.ReferencePipeline.forEach(ReferencePipeline.java:636)\r\n\tat org.openqa.selenium.json.JsonOutput.lambda$new$23(JsonOutput.java:204)\r\n\tat org.openqa.selenium.json.JsonOutput.write0(JsonOutput.java:409)\r\n\tat org.openqa.selenium.json.JsonOutput.lambda$new$24(JsonOutput.java:222)\r\n\tat java.base/java.util.Map.forEach(Map.java:733)\r\n\tat org.openqa.selenium.json.JsonOutput.lambda$new$25(JsonOutput.java:217)\r\n\tat org.openqa.selenium.json.JsonOutput.write0(JsonOutput.java:409)\r\n\tat org.openqa.selenium.json.JsonOutput.write(JsonOutput.java:400)\r\n\tat org.openqa.selenium.json.Json.toJson(Json.java:133)\r\n\tat org.openqa.selenium.json.Json.toJson(Json.java:119)\r\n\tat org.openqa.selenium.remote.codec.AbstractHttpCommandCodec.encode(AbstractHttpCommandCodec.java:236)\r\n\tat org.openqa.selenium.remote.codec.AbstractHttpCommandCodec.encode(AbstractHttpCommandCodec.java:109)\r\n\tat org.openqa.selenium.remote.HttpCommandExecutor.execute(HttpCommandExecutor.java:203)\r\n\tat org.openqa.selenium.remote.service.DriverCommandExecutor.invokeExecute(DriverCommandExecutor.java:216)\r\n\tat org.openqa.selenium.remote.service.DriverCommandExecutor.execute(DriverCommandExecutor.java:174)\r\n\tat org.openqa.selenium.remote.RemoteWebDriver.execute(RemoteWebDriver.java:544)\r\n\tat org.openqa.selenium.remote.RemoteWebDriver.perform(RemoteWebDriver.java:630)\r\n\tat org.openqa.selenium.interactions.Actions$BuiltAction.perform(Actions.java:616)\r\n\tat org.openqa.selenium.interactions.Actions.perform(Actions.java:581)\r\n\tat com.juice.factory.CreditCardPage.navigateToCreditCardMenuPage(CreditCardPage.java:65)\r\n\tat com.juice.steps.CreditCardSteps.el_usuario_accede_a_la_sección_de_información_de_pago(CreditCardSteps.java:24)\r\n\tat ✽.el usuario accede a la sección de información de pago(file:///C:/Users/crish/IdeaProjects/SeleniumWebFinalProject/src/test/resources/features/account/creditcard.feature:24)\r\n\tSuppressed: org.openqa.selenium.json.JsonException: Attempting to close incomplete json stream\nBuild info: version: '4.33.0', revision: '2c6aaad03a'\nSystem info: os.name: 'Windows 11', os.arch: 'amd64', os.version: '10.0', java.version: '23.0.2'\nDriver info: driver.version: RemoteWebDriver\r\n\t\tat org.openqa.selenium.json.JsonOutput.close(JsonOutput.java:431)\r\n\t\tat org.openqa.selenium.json.Json.toJson(Json.java:131)\r\n\t\tat org.openqa.selenium.json.Json.toJson(Json.java:119)\r\n\t\tat org.openqa.selenium.remote.codec.AbstractHttpCommandCodec.encode(AbstractHttpCommandCodec.java:236)\r\n\t\tat org.openqa.selenium.remote.codec.AbstractHttpCommandCodec.encode(AbstractHttpCommandCodec.java:109)\r\n\t\tat org.openqa.selenium.remote.HttpCommandExecutor.execute(HttpCommandExecutor.java:203)\r\n\t\tat org.openqa.selenium.remote.service.DriverCommandExecutor.invokeExecute(DriverCommandExecutor.java:216)\r\n\t\tat org.openqa.selenium.remote.service.DriverCommandExecutor.execute(DriverCommandExecutor.java:174)\r\n\t\tat org.openqa.selenium.remote.RemoteWebDriver.execute(RemoteWebDriver.java:544)\r\n\t\tat org.openqa.selenium.remote.RemoteWebDriver.perform(RemoteWebDriver.java:630)\r\n\t\tat org.openqa.selenium.interactions.Actions$BuiltAction.perform(Actions.java:616)\r\n\t\tat org.openqa.selenium.interactions.Actions.perform(Actions.java:581)\r\n\t\tat com.juice.factory.CreditCardPage.navigateToCreditCardMenuPage(CreditCardPage.java:65)\r\n\t\tat com.juice.steps.CreditCardSteps.el_usuario_accede_a_la_sección_de_información_de_pago(CreditCardSteps.java:24)\r\n\t\tat java.base/jdk.internal.reflect.DirectMethodHandleAccessor.invoke(DirectMethodHandleAccessor.java:103)\r\n\t\tat java.base/java.lang.reflect.Method.invoke(Method.java:580)\r\n\t\tat io.cucumber.java.Invoker.doInvoke(Invoker.java:66)\r\n\t\tat io.cucumber.java.Invoker.invoke(Invoker.java:24)\r\n\t\tat io.cucumber.java.AbstractGlueDefinition.invokeMethod(AbstractGlueDefinition.java:47)\r\n\t\tat io.cucumber.java.JavaStepDefinition.execute(JavaStepDefinition.java:29)\r\n\t\tat io.cucumber.core.runner.CoreStepDefinition.execute(CoreStepDefinition.java:66)\r\n\t\tat io.cucumber.core.runner.PickleStepDefinitionMatch.runStep(PickleStepDefinitionMatch.java:63)\r\n\t\tat io.cucumber.core.runner.ExecutionMode$1.execute(ExecutionMode.java:10)\r\n\t\tat io.cucumber.core.runner.TestStep.executeStep(TestStep.java:85)\r\n\t\tat io.cucumber.core.runner.TestStep.run(TestStep.java:57)\r\n\t\tat io.cucumber.core.runner.PickleStepTestStep.run(PickleStepTestStep.java:51)\r\n\t\tat io.cucumber.core.runner.TestCase.run(TestCase.java:84)\r\n\t\tat io.cucumber.core.runner.Runner.runPickle(Runner.java:75)\r\n\t\tat io.cucumber.testng.TestNGCucumberRunner.lambda$runScenario$1(TestNGCucumberRunner.java:132)\r\n\t\tat io.cucumber.core.runtime.CucumberExecutionContext.lambda$runTestCase$5(CucumberExecutionContext.java:129)\r\n\t\tat io.cucumber.core.runtime.RethrowingThrowableCollector.executeAndThrow(RethrowingThrowableCollector.java:23)\r\n\t\tat io.cucumber.core.runtime.CucumberExecutionContext.runTestCase(CucumberExecutionContext.java:129)\r\n\t\tat io.cucumber.testng.TestNGCucumberRunner.runScenario(TestNGCucumberRunner.java:129)\r\n\t\tat io.cucumber.testng.AbstractTestNGCucumberTests.runScenario(AbstractTestNGCucumberTests.java:35)\r\n\t\tat java.base/jdk.internal.reflect.DirectMethodHandleAccessor.invoke(DirectMethodHandleAccessor.java:103)\r\n\t\tat java.base/java.lang.reflect.Method.invoke(Method.java:580)\r\n\t\tat org.testng.internal.invokers.MethodInvocationHelper.invokeMethod(MethodInvocationHelper.java:135)\r\n\t\tat org.testng.internal.invokers.TestInvoker.invokeMethod(TestInvoker.java:673)\r\n\t\tat org.testng.internal.invokers.TestInvoker.invokeTestMethod(TestInvoker.java:220)\r\n\t\tat org.testng.internal.invokers.MethodRunner.runInSequence(MethodRunner.java:50)\r\n\t\tat org.testng.internal.invokers.TestInvoker$MethodInvocationAgent.invoke(TestInvoker.java:945)\r\n\t\tat org.testng.internal.invokers.TestInvoker.invokeTestMethods(TestInvoker.java:193)\r\n\t\tat org.testng.internal.invokers.TestMethodWorker.invokeTestMethods(TestMethodWorker.java:146)\r\n\t\tat org.testng.internal.invokers.TestMethodWorker.run(TestMethodWorker.java:128)\r\n\t\tat java.base/java.util.ArrayList.forEach(ArrayList.java:1597)\r\n\t\tat org.testng.TestRunner.privateRun(TestRunner.java:808)\r\n\t\tat org.testng.TestRunner.run(TestRunner.java:603)\r\n\t\tat org.testng.SuiteRunner.runTest(SuiteRunner.java:429)\r\n\t\tat org.testng.SuiteRunner.runSequentially(SuiteRunner.java:423)\r\n\t\tat org.testng.SuiteRunner.privateRun(SuiteRunner.java:383)\r\n\t\tat org.testng.SuiteRunner.run(SuiteRunner.java:326)\r\n\t\tat org.testng.SuiteRunnerWorker.runSuite(SuiteRunnerWorker.java:52)\r\n\t\tat org.testng.SuiteRunnerWorker.run(SuiteRunnerWorker.java:95)\r\n\t\tat org.testng.TestNG.runSuitesSequentially(TestNG.java:1249)\r\n\t\tat org.testng.TestNG.runSuitesLocally(TestNG.java:1169)\r\n\t\tat org.testng.TestNG.runSuites(TestNG.java:1092)\r\n\t\tat org.testng.TestNG.run(TestNG.java:1060)\r\n\t\tat com.intellij.rt.testng.IDEARemoteTestNG.run(IDEARemoteTestNG.java:65)\r\n\t\tat com.intellij.rt.testng.RemoteTestNGStarter.main(RemoteTestNGStarter.java:105)\r\nCaused by: java.lang.reflect.InvocationTargetException\r\n\tat java.base/jdk.internal.reflect.DirectMethodHandleAccessor.invoke(DirectMethodHandleAccessor.java:118)\r\n\tat java.base/java.lang.reflect.Method.invoke(Method.java:580)\r\n\tat org.openqa.selenium.json.JsonOutput.convertUsingMethod(JsonOutput.java:516)\r\n\tat org.openqa.selenium.json.JsonOutput.lambda$new$16(JsonOutput.java:182)\r\n\tat org.openqa.selenium.json.JsonOutput.write0(JsonOutput.java:409)\r\n\tat org.openqa.selenium.json.JsonOutput.lambda$new$22(JsonOutput.java:204)\r\n\tat java.base/java.util.stream.ForEachOps$ForEachOp$OfRef.accept(ForEachOps.java:184)\r\n\tat java.base/java.util.stream.ReferencePipeline$2$1.accept(ReferencePipeline.java:197)\r\n\tat java.base/java.util.Iterator.forEachRemaining(Iterator.java:133)\r\n\tat java.base/java.util.Spliterators$IteratorSpliterator.forEachRemaining(Spliterators.java:1939)\r\n\tat java.base/java.util.stream.AbstractPipeline.copyInto(AbstractPipeline.java:570)\r\n\tat java.base/java.util.stream.AbstractPipeline.wrapAndCopyInto(AbstractPipeline.java:560)\r\n\tat java.base/java.util.stream.ForEachOps$ForEachOp.evaluateSequential(ForEachOps.java:151)\r\n\tat java.base/java.util.stream.ForEachOps$ForEachOp$OfRef.evaluateSequential(ForEachOps.java:174)\r\n\tat java.base/java.util.stream.AbstractPipeline.evaluate(AbstractPipeline.java:265)\r\n\tat java.base/java.util.stream.ReferencePipeline.forEach(ReferencePipeline.java:636)\r\n\tat org.openqa.selenium.json.JsonOutput.lambda$new$23(JsonOutput.java:204)\r\n\tat org.openqa.selenium.json.JsonOutput.write0(JsonOutput.java:409)\r\n\tat org.openqa.selenium.json.JsonOutput.lambda$new$24(JsonOutput.java:222)\r\n\tat java.base/java.util.Map.forEach(Map.java:733)\r\n\tat org.openqa.selenium.json.JsonOutput.lambda$new$25(JsonOutput.java:217)\r\n\tat org.openqa.selenium.json.JsonOutput.write0(JsonOutput.java:409)\r\n\tat org.openqa.selenium.json.JsonOutput.write(JsonOutput.java:400)\r\n\tat org.openqa.selenium.json.Json.toJson(Json.java:133)\r\n\tat org.openqa.selenium.json.Json.toJson(Json.java:119)\r\n\tat org.openqa.selenium.remote.codec.AbstractHttpCommandCodec.encode(AbstractHttpCommandCodec.java:236)\r\n\tat org.openqa.selenium.remote.codec.AbstractHttpCommandCodec.encode(AbstractHttpCommandCodec.java:109)\r\n\tat org.openqa.selenium.remote.HttpCommandExecutor.execute(HttpCommandExecutor.java:203)\r\n\tat org.openqa.selenium.remote.service.DriverCommandExecutor.invokeExecute(DriverCommandExecutor.java:216)\r\n\tat org.openqa.selenium.remote.service.DriverCommandExecutor.execute(DriverCommandExecutor.java:174)\r\n\tat org.openqa.selenium.remote.RemoteWebDriver.execute(RemoteWebDriver.java:544)\r\n\tat org.openqa.selenium.remote.RemoteWebDriver.perform(RemoteWebDriver.java:630)\r\n\tat org.openqa.selenium.interactions.Actions$BuiltAction.perform(Actions.java:616)\r\n\tat org.openqa.selenium.interactions.Actions.perform(Actions.java:581)\r\n\tat com.juice.factory.CreditCardPage.navigateToCreditCardMenuPage(CreditCardPage.java:65)\r\n\tat com.juice.steps.CreditCardSteps.el_usuario_accede_a_la_sección_de_información_de_pago(CreditCardSteps.java:24)\r\n\tat java.base/jdk.internal.reflect.DirectMethodHandleAccessor.invoke(DirectMethodHandleAccessor.java:103)\r\n\tat java.base/java.lang.reflect.Method.invoke(Method.java:580)\r\n\tat io.cucumber.java.Invoker.doInvoke(Invoker.java:66)\r\n\tat io.cucumber.java.Invoker.invoke(Invoker.java:24)\r\n\tat io.cucumber.java.AbstractGlueDefinition.invokeMethod(AbstractGlueDefinition.java:47)\r\n\tat io.cucumber.java.JavaStepDefinition.execute(JavaStepDefinition.java:29)\r\n\tat io.cucumber.core.runner.CoreStepDefinition.execute(CoreStepDefinition.java:66)\r\n\tat io.cucumber.core.runner.PickleStepDefinitionMatch.runStep(PickleStepDefinitionMatch.java:63)\r\n\tat io.cucumber.core.runner.ExecutionMode$1.execute(ExecutionMode.java:10)\r\n\tat io.cucumber.core.runner.TestStep.executeStep(TestStep.java:85)\r\n\tat io.cucumber.core.runner.TestStep.run(TestStep.java:57)\r\n\tat io.cucumber.core.runner.PickleStepTestStep.run(PickleStepTestStep.java:51)\r\n\tat io.cucumber.core.runner.TestCase.run(TestCase.java:84)\r\n\tat io.cucumber.core.runner.Runner.runPickle(Runner.java:75)\r\n\tat io.cucumber.testng.TestNGCucumberRunner.lambda$runScenario$1(TestNGCucumberRunner.java:132)\r\n\tat io.cucumber.core.runtime.CucumberExecutionContext.lambda$runTestCase$5(CucumberExecutionContext.java:129)\r\n\tat io.cucumber.core.runtime.RethrowingThrowableCollector.executeAndThrow(RethrowingThrowableCollector.java:23)\r\n\tat io.cucumber.core.runtime.CucumberExecutionContext.runTestCase(CucumberExecutionContext.java:129)\r\n\tat io.cucumber.testng.TestNGCucumberRunner.runScenario(TestNGCucumberRunner.java:129)\r\n\tat io.cucumber.testng.AbstractTestNGCucumberTests.runScenario(AbstractTestNGCucumberTests.java:35)\r\n\tat java.base/jdk.internal.reflect.DirectMethodHandleAccessor.invoke(DirectMethodHandleAccessor.java:103)\r\n\tat java.base/java.lang.reflect.Method.invoke(Method.java:580)\r\n\tat org.testng.internal.invokers.MethodInvocationHelper.invokeMethod(MethodInvocationHelper.java:135)\r\n\tat org.testng.internal.invokers.TestInvoker.invokeMethod(TestInvoker.java:673)\r\n\tat org.testng.internal.invokers.TestInvoker.invokeTestMethod(TestInvoker.java:220)\r\n\tat org.testng.internal.invokers.MethodRunner.runInSequence(MethodRunner.java:50)\r\n\tat org.testng.internal.invokers.TestInvoker$MethodInvocationAgent.invoke(TestInvoker.java:945)\r\n\tat org.testng.internal.invokers.TestInvoker.invokeTestMethods(TestInvoker.java:193)\r\n\tat org.testng.internal.invokers.TestMethodWorker.invokeTestMethods(TestMethodWorker.java:146)\r\n\tat org.testng.internal.invokers.TestMethodWorker.run(TestMethodWorker.java:128)\r\n\tat java.base/java.util.ArrayList.forEach(ArrayList.java:1597)\r\n\tat org.testng.TestRunner.privateRun(TestRunner.java:808)\r\n\tat org.testng.TestRunner.run(TestRunner.java:603)\r\n\tat org.testng.SuiteRunner.runTest(SuiteRunner.java:429)\r\n\tat org.testng.SuiteRunner.runSequentially(SuiteRunner.java:423)\r\n\tat org.testng.SuiteRunner.privateRun(SuiteRunner.java:383)\r\n\tat org.testng.SuiteRunner.run(SuiteRunner.java:326)\r\n\tat org.testng.SuiteRunnerWorker.runSuite(SuiteRunnerWorker.java:52)\r\n\tat org.testng.SuiteRunnerWorker.run(SuiteRunnerWorker.java:95)\r\n\tat org.testng.TestNG.runSuitesSequentially(TestNG.java:1249)\r\n\tat org.testng.TestNG.runSuitesLocally(TestNG.java:1169)\r\n\tat org.testng.TestNG.runSuites(TestNG.java:1092)\r\n\tat org.testng.TestNG.run(TestNG.java:1060)\r\n\tat com.intellij.rt.testng.IDEARemoteTestNG.run(IDEARemoteTestNG.java:65)\r\n\tat com.intellij.rt.testng.RemoteTestNGStarter.main(RemoteTestNGStarter.java:105)\r\nCaused by: org.openqa.selenium.NoSuchElementException: no such element: Unable to locate element: {\"method\":\"xpath\",\"selector\":\"(//*[@id=\"mat-menu-panel-0\"]//div)[3]\"}\n  (Session info: chrome=137.0.7151.122)\nFor documentation on this error, please visit: https://www.selenium.dev/documentation/webdriver/troubleshooting/errors#no-such-element-exception\nBuild info: version: '4.33.0', revision: '2c6aaad03a'\nSystem info: os.name: 'Windows 11', os.arch: 'amd64', os.version: '10.0', java.version: '23.0.2'\nDriver info: org.openqa.selenium.chrome.ChromeDriver\nCommand: [3b68f19b9559ee4027e6ae6cdeeab3f1, findElement {value=(//*[@id=\"mat-menu-panel-0\"]//div)[3], using=xpath}]\nCapabilities {acceptInsecureCerts: false, browserName: chrome, browserVersion: 137.0.7151.122, chrome: {chromedriverVersion: 137.0.7151.119 (e0ac9d12dff..., userDataDir: C:\\Users\\crish\\AppData\\Loca...}, fedcm:accounts: true, goog:chromeOptions: {debuggerAddress: localhost:59349}, networkConnectionEnabled: false, pageLoadStrategy: normal, platformName: windows, proxy: Proxy(), se:cdp: ws://localhost:59349/devtoo..., se:cdpVersion: 137.0.7151.122, setWindowRect: true, strictFileInteractability: false, timeouts: {implicit: 0, pageLoad: 300000, script: 30000}, unhandledPromptBehavior: dismiss and notify, webauthn:extension:credBlob: true, webauthn:extension:largeBlob: true, webauthn:extension:minPinLength: true, webauthn:extension:prf: true, webauthn:virtualAuthenticators: true}\nSession ID: 3b68f19b9559ee4027e6ae6cdeeab3f1\r\n\tat java.base/jdk.internal.reflect.DirectConstructorHandleAccessor.newInstance(DirectConstructorHandleAccessor.java:62)\r\n\tat java.base/java.lang.reflect.Constructor.newInstanceWithCaller(Constructor.java:501)\r\n\tat java.base/java.lang.reflect.Constructor.newInstance(Constructor.java:485)\r\n\tat org.openqa.selenium.remote.ErrorCodec.decode(ErrorCodec.java:167)\r\n\tat org.openqa.selenium.remote.codec.w3c.W3CHttpResponseCodec.decode(W3CHttpResponseCodec.java:138)\r\n\tat org.openqa.selenium.remote.codec.w3c.W3CHttpResponseCodec.decode(W3CHttpResponseCodec.java:50)\r\n\tat org.openqa.selenium.remote.HttpCommandExecutor.execute(HttpCommandExecutor.java:215)\r\n\tat org.openqa.selenium.remote.service.DriverCommandExecutor.invokeExecute(DriverCommandExecutor.java:216)\r\n\tat org.openqa.selenium.remote.service.DriverCommandExecutor.execute(DriverCommandExecutor.java:174)\r\n\tat org.openqa.selenium.remote.RemoteWebDriver.execute(RemoteWebDriver.java:544)\r\n\tat org.openqa.selenium.remote.ElementLocation$ElementFinder$2.findElement(ElementLocation.java:165)\r\n\tat org.openqa.selenium.remote.ElementLocation.findElement(ElementLocation.java:59)\r\n\tat org.openqa.selenium.remote.RemoteWebDriver.findElement(RemoteWebDriver.java:367)\r\n\tat org.openqa.selenium.remote.RemoteWebDriver.findElement(RemoteWebDriver.java:361)\r\n\tat org.openqa.selenium.support.pagefactory.DefaultElementLocator.findElement(DefaultElementLocator.java:68)\r\n\tat org.openqa.selenium.support.pagefactory.internal.LocatingElementHandler.invoke(LocatingElementHandler.java:38)\r\n\tat jdk.proxy2/jdk.proxy2.$Proxy27.getWrappedElement(Unknown Source)\r\n\tat org.openqa.selenium.interactions.PointerInput$Origin.asArg(PointerInput.java:262)\r\n\tat org.openqa.selenium.interactions.PointerInput$Move.encode(PointerInput.java:211)\r\n\tat org.openqa.selenium.interactions.Sequence.encode(Sequence.java:74)\r\n\tat org.openqa.selenium.interactions.Sequence.toJson(Sequence.java:83)\r\n\tat java.base/jdk.internal.reflect.DirectMethodHandleAccessor.invoke(DirectMethodHandleAccessor.java:103)\r\n\t... 80 more\r\n","steps":[{"name":"Dado  que el usuario esta en la pagina de login","time":{"start":1751380706601,"stop":1751380707555,"duration":954},"status":"passed","steps":[],"attachments":[],"parameters":[],"attachmentsCount":0,"shouldDisplayMessage":false,"stepsCount":0,"attachmentStep":false,"hasContent":false},{"name":"Cuando  el usario ingresa sus credenciales \"pruebas@gmail.com\" y \"crusto2009\"","time":{"start":1751380707555,"stop":1751380707968,"duration":413},"status":"passed","steps":[],"attachments":[],"parameters":[],"attachmentsCount":0,"shouldDisplayMessage":false,"stepsCount":0,"attachmentStep":false,"hasContent":false},{"name":"Y  hace click en el botón de Log in","time":{"start":1751380707969,"stop":1751380708117,"duration":148},"status":"passed","steps":[],"attachments":[],"parameters":[],"attachmentsCount":0,"shouldDisplayMessage":false,"stepsCount":0,"attachmentStep":false,"hasContent":false},{"name":"Cuando  el usuario accede a la sección de información de pago","time":{"start":1751380708117,"stop":1751380718372,"duration":10255},"status":"broken","statusMessage":"java.lang.reflect.InvocationTargetException\nBuild info: version: '4.33.0', revision: '2c6aaad03a'\nSystem info: os.name: 'Windows 11', os.arch: 'amd64', os.version: '10.0', java.version: '23.0.2'\nDriver info: org.openqa.selenium.chrome.ChromeDriver\nCommand: [3b68f19b9559ee4027e6ae6cdeeab3f1, actions {actions=[org.openqa.selenium.interactions.Sequence@4570d7b6]}]\nCapabilities {acceptInsecureCerts: false, browserName: chrome, browserVersion: 137.0.7151.122, chrome: {chromedriverVersion: 137.0.7151.119 (e0ac9d12dff..., userDataDir: C:\\Users\\crish\\AppData\\Loca...}, fedcm:accounts: true, goog:chromeOptions: {debuggerAddress: localhost:59349}, networkConnectionEnabled: false, pageLoadStrategy: normal, platformName: windows, proxy: Proxy(), se:cdp: ws://localhost:59349/devtoo..., se:cdpVersion: 137.0.7151.122, setWindowRect: true, strictFileInteractability: false, timeouts: {implicit: 0, pageLoad: 300000, script: 30000}, unhandledPromptBehavior: dismiss and notify, webauthn:extension:credBlob: true, webauthn:extension:largeBlob: true, webauthn:extension:minPinLength: true, webauthn:extension:prf: true, webauthn:virtualAuthenticators: true}\nSession ID: 3b68f19b9559ee4027e6ae6cdeeab3f1","statusTrace":"org.openqa.selenium.json.JsonException: java.lang.reflect.InvocationTargetException\nBuild info: version: '4.33.0', revision: '2c6aaad03a'\nSystem info: os.name: 'Windows 11', os.arch: 'amd64', os.version: '10.0', java.version: '23.0.2'\nDriver info: org.openqa.selenium.chrome.ChromeDriver\nCommand: [3b68f19b9559ee4027e6ae6cdeeab3f1, actions {actions=[org.openqa.selenium.interactions.Sequence@4570d7b6]}]\nCapabilities {acceptInsecureCerts: false, browserName: chrome, browserVersion: 137.0.7151.122, chrome: {chromedriverVersion: 137.0.7151.119 (e0ac9d12dff..., userDataDir: C:\\Users\\crish\\AppData\\Loca...}, fedcm:accounts: true, goog:chromeOptions: {debuggerAddress: localhost:59349}, networkConnectionEnabled: false, pageLoadStrategy: normal, platformName: windows, proxy: Proxy(), se:cdp: ws://localhost:59349/devtoo..., se:cdpVersion: 137.0.7151.122, setWindowRect: true, strictFileInteractability: false, timeouts: {implicit: 0, pageLoad: 300000, script: 30000}, unhandledPromptBehavior: dismiss and notify, webauthn:extension:credBlob: true, webauthn:extension:largeBlob: true, webauthn:extension:minPinLength: true, webauthn:extension:prf: true, webauthn:virtualAuthenticators: true}\nSession ID: 3b68f19b9559ee4027e6ae6cdeeab3f1\r\n\tat org.openqa.selenium.json.JsonOutput.convertUsingMethod(JsonOutput.java:520)\r\n\tat org.openqa.selenium.json.JsonOutput.lambda$new$16(JsonOutput.java:182)\r\n\tat org.openqa.selenium.json.JsonOutput.write0(JsonOutput.java:409)\r\n\tat org.openqa.selenium.json.JsonOutput.lambda$new$22(JsonOutput.java:204)\r\n\tat java.base/java.util.stream.ForEachOps$ForEachOp$OfRef.accept(ForEachOps.java:184)\r\n\tat java.base/java.util.stream.ReferencePipeline$2$1.accept(ReferencePipeline.java:197)\r\n\tat java.base/java.util.Iterator.forEachRemaining(Iterator.java:133)\r\n\tat java.base/java.util.Spliterators$IteratorSpliterator.forEachRemaining(Spliterators.java:1939)\r\n\tat java.base/java.util.stream.AbstractPipeline.copyInto(AbstractPipeline.java:570)\r\n\tat java.base/java.util.stream.AbstractPipeline.wrapAndCopyInto(AbstractPipeline.java:560)\r\n\tat java.base/java.util.stream.ForEachOps$ForEachOp.evaluateSequential(ForEachOps.java:151)\r\n\tat java.base/java.util.stream.ForEachOps$ForEachOp$OfRef.evaluateSequential(ForEachOps.java:174)\r\n\tat java.base/java.util.stream.AbstractPipeline.evaluate(AbstractPipeline.java:265)\r\n\tat java.base/java.util.stream.ReferencePipeline.forEach(ReferencePipeline.java:636)\r\n\tat org.openqa.selenium.json.JsonOutput.lambda$new$23(JsonOutput.java:204)\r\n\tat org.openqa.selenium.json.JsonOutput.write0(JsonOutput.java:409)\r\n\tat org.openqa.selenium.json.JsonOutput.lambda$new$24(JsonOutput.java:222)\r\n\tat java.base/java.util.Map.forEach(Map.java:733)\r\n\tat org.openqa.selenium.json.JsonOutput.lambda$new$25(JsonOutput.java:217)\r\n\tat org.openqa.selenium.json.JsonOutput.write0(JsonOutput.java:409)\r\n\tat org.openqa.selenium.json.JsonOutput.write(JsonOutput.java:400)\r\n\tat org.openqa.selenium.json.Json.toJson(Json.java:133)\r\n\tat org.openqa.selenium.json.Json.toJson(Json.java:119)\r\n\tat org.openqa.selenium.remote.codec.AbstractHttpCommandCodec.encode(AbstractHttpCommandCodec.java:236)\r\n\tat org.openqa.selenium.remote.codec.AbstractHttpCommandCodec.encode(AbstractHttpCommandCodec.java:109)\r\n\tat org.openqa.selenium.remote.HttpCommandExecutor.execute(HttpCommandExecutor.java:203)\r\n\tat org.openqa.selenium.remote.service.DriverCommandExecutor.invokeExecute(DriverCommandExecutor.java:216)\r\n\tat org.openqa.selenium.remote.service.DriverCommandExecutor.execute(DriverCommandExecutor.java:174)\r\n\tat org.openqa.selenium.remote.RemoteWebDriver.execute(RemoteWebDriver.java:544)\r\n\tat org.openqa.selenium.remote.RemoteWebDriver.perform(RemoteWebDriver.java:630)\r\n\tat org.openqa.selenium.interactions.Actions$BuiltAction.perform(Actions.java:616)\r\n\tat org.openqa.selenium.interactions.Actions.perform(Actions.java:581)\r\n\tat com.juice.factory.CreditCardPage.navigateToCreditCardMenuPage(CreditCardPage.java:65)\r\n\tat com.juice.steps.CreditCardSteps.el_usuario_accede_a_la_sección_de_información_de_pago(CreditCardSteps.java:24)\r\n\tat ✽.el usuario accede a la sección de información de pago(file:///C:/Users/crish/IdeaProjects/SeleniumWebFinalProject/src/test/resources/features/account/creditcard.feature:24)\r\n\tSuppressed: org.openqa.selenium.json.JsonException: Attempting to close incomplete json stream\nBuild info: version: '4.33.0', revision: '2c6aaad03a'\nSystem info: os.name: 'Windows 11', os.arch: 'amd64', os.version: '10.0', java.version: '23.0.2'\nDriver info: driver.version: RemoteWebDriver\r\n\t\tat org.openqa.selenium.json.JsonOutput.close(JsonOutput.java:431)\r\n\t\tat org.openqa.selenium.json.Json.toJson(Json.java:131)\r\n\t\tat org.openqa.selenium.json.Json.toJson(Json.java:119)\r\n\t\tat org.openqa.selenium.remote.codec.AbstractHttpCommandCodec.encode(AbstractHttpCommandCodec.java:236)\r\n\t\tat org.openqa.selenium.remote.codec.AbstractHttpCommandCodec.encode(AbstractHttpCommandCodec.java:109)\r\n\t\tat org.openqa.selenium.remote.HttpCommandExecutor.execute(HttpCommandExecutor.java:203)\r\n\t\tat org.openqa.selenium.remote.service.DriverCommandExecutor.invokeExecute(DriverCommandExecutor.java:216)\r\n\t\tat org.openqa.selenium.remote.service.DriverCommandExecutor.execute(DriverCommandExecutor.java:174)\r\n\t\tat org.openqa.selenium.remote.RemoteWebDriver.execute(RemoteWebDriver.java:544)\r\n\t\tat org.openqa.selenium.remote.RemoteWebDriver.perform(RemoteWebDriver.java:630)\r\n\t\tat org.openqa.selenium.interactions.Actions$BuiltAction.perform(Actions.java:616)\r\n\t\tat org.openqa.selenium.interactions.Actions.perform(Actions.java:581)\r\n\t\tat com.juice.factory.CreditCardPage.navigateToCreditCardMenuPage(CreditCardPage.java:65)\r\n\t\tat com.juice.steps.CreditCardSteps.el_usuario_accede_a_la_sección_de_información_de_pago(CreditCardSteps.java:24)\r\n\t\tat java.base/jdk.internal.reflect.DirectMethodHandleAccessor.invoke(DirectMethodHandleAccessor.java:103)\r\n\t\tat java.base/java.lang.reflect.Method.invoke(Method.java:580)\r\n\t\tat io.cucumber.java.Invoker.doInvoke(Invoker.java:66)\r\n\t\tat io.cucumber.java.Invoker.invoke(Invoker.java:24)\r\n\t\tat io.cucumber.java.AbstractGlueDefinition.invokeMethod(AbstractGlueDefinition.java:47)\r\n\t\tat io.cucumber.java.JavaStepDefinition.execute(JavaStepDefinition.java:29)\r\n\t\tat io.cucumber.core.runner.CoreStepDefinition.execute(CoreStepDefinition.java:66)\r\n\t\tat io.cucumber.core.runner.PickleStepDefinitionMatch.runStep(PickleStepDefinitionMatch.java:63)\r\n\t\tat io.cucumber.core.runner.ExecutionMode$1.execute(ExecutionMode.java:10)\r\n\t\tat io.cucumber.core.runner.TestStep.executeStep(TestStep.java:85)\r\n\t\tat io.cucumber.core.runner.TestStep.run(TestStep.java:57)\r\n\t\tat io.cucumber.core.runner.PickleStepTestStep.run(PickleStepTestStep.java:51)\r\n\t\tat io.cucumber.core.runner.TestCase.run(TestCase.java:84)\r\n\t\tat io.cucumber.core.runner.Runner.runPickle(Runner.java:75)\r\n\t\tat io.cucumber.testng.TestNGCucumberRunner.lambda$runScenario$1(TestNGCucumberRunner.java:132)\r\n\t\tat io.cucumber.core.runtime.CucumberExecutionContext.lambda$runTestCase$5(CucumberExecutionContext.java:129)\r\n\t\tat io.cucumber.core.runtime.RethrowingThrowableCollector.executeAndThrow(RethrowingThrowableCollector.java:23)\r\n\t\tat io.cucumber.core.runtime.CucumberExecutionContext.runTestCase(CucumberExecutionContext.java:129)\r\n\t\tat io.cucumber.testng.TestNGCucumberRunner.runScenario(TestNGCucumberRunner.java:129)\r\n\t\tat io.cucumber.testng.AbstractTestNGCucumberTests.runScenario(AbstractTestNGCucumberTests.java:35)\r\n\t\tat java.base/jdk.internal.reflect.DirectMethodHandleAccessor.invoke(DirectMethodHandleAccessor.java:103)\r\n\t\tat java.base/java.lang.reflect.Method.invoke(Method.java:580)\r\n\t\tat org.testng.internal.invokers.MethodInvocationHelper.invokeMethod(MethodInvocationHelper.java:135)\r\n\t\tat org.testng.internal.invokers.TestInvoker.invokeMethod(TestInvoker.java:673)\r\n\t\tat org.testng.internal.invokers.TestInvoker.invokeTestMethod(TestInvoker.java:220)\r\n\t\tat org.testng.internal.invokers.MethodRunner.runInSequence(MethodRunner.java:50)\r\n\t\tat org.testng.internal.invokers.TestInvoker$MethodInvocationAgent.invoke(TestInvoker.java:945)\r\n\t\tat org.testng.internal.invokers.TestInvoker.invokeTestMethods(TestInvoker.java:193)\r\n\t\tat org.testng.internal.invokers.TestMethodWorker.invokeTestMethods(TestMethodWorker.java:146)\r\n\t\tat org.testng.internal.invokers.TestMethodWorker.run(TestMethodWorker.java:128)\r\n\t\tat java.base/java.util.ArrayList.forEach(ArrayList.java:1597)\r\n\t\tat org.testng.TestRunner.privateRun(TestRunner.java:808)\r\n\t\tat org.testng.TestRunner.run(TestRunner.java:603)\r\n\t\tat org.testng.SuiteRunner.runTest(SuiteRunner.java:429)\r\n\t\tat org.testng.SuiteRunner.runSequentially(SuiteRunner.java:423)\r\n\t\tat org.testng.SuiteRunner.privateRun(SuiteRunner.java:383)\r\n\t\tat org.testng.SuiteRunner.run(SuiteRunner.java:326)\r\n\t\tat org.testng.SuiteRunnerWorker.runSuite(SuiteRunnerWorker.java:52)\r\n\t\tat org.testng.SuiteRunnerWorker.run(SuiteRunnerWorker.java:95)\r\n\t\tat org.testng.TestNG.runSuitesSequentially(TestNG.java:1249)\r\n\t\tat org.testng.TestNG.runSuitesLocally(TestNG.java:1169)\r\n\t\tat org.testng.TestNG.runSuites(TestNG.java:1092)\r\n\t\tat org.testng.TestNG.run(TestNG.java:1060)\r\n\t\tat com.intellij.rt.testng.IDEARemoteTestNG.run(IDEARemoteTestNG.java:65)\r\n\t\tat com.intellij.rt.testng.RemoteTestNGStarter.main(RemoteTestNGStarter.java:105)\r\nCaused by: java.lang.reflect.InvocationTargetException\r\n\tat java.base/jdk.internal.reflect.DirectMethodHandleAccessor.invoke(DirectMethodHandleAccessor.java:118)\r\n\tat java.base/java.lang.reflect.Method.invoke(Method.java:580)\r\n\tat org.openqa.selenium.json.JsonOutput.convertUsingMethod(JsonOutput.java:516)\r\n\tat org.openqa.selenium.json.JsonOutput.lambda$new$16(JsonOutput.java:182)\r\n\tat org.openqa.selenium.json.JsonOutput.write0(JsonOutput.java:409)\r\n\tat org.openqa.selenium.json.JsonOutput.lambda$new$22(JsonOutput.java:204)\r\n\tat java.base/java.util.stream.ForEachOps$ForEachOp$OfRef.accept(ForEachOps.java:184)\r\n\tat java.base/java.util.stream.ReferencePipeline$2$1.accept(ReferencePipeline.java:197)\r\n\tat java.base/java.util.Iterator.forEachRemaining(Iterator.java:133)\r\n\tat java.base/java.util.Spliterators$IteratorSpliterator.forEachRemaining(Spliterators.java:1939)\r\n\tat java.base/java.util.stream.AbstractPipeline.copyInto(AbstractPipeline.java:570)\r\n\tat java.base/java.util.stream.AbstractPipeline.wrapAndCopyInto(AbstractPipeline.java:560)\r\n\tat java.base/java.util.stream.ForEachOps$ForEachOp.evaluateSequential(ForEachOps.java:151)\r\n\tat java.base/java.util.stream.ForEachOps$ForEachOp$OfRef.evaluateSequential(ForEachOps.java:174)\r\n\tat java.base/java.util.stream.AbstractPipeline.evaluate(AbstractPipeline.java:265)\r\n\tat java.base/java.util.stream.ReferencePipeline.forEach(ReferencePipeline.java:636)\r\n\tat org.openqa.selenium.json.JsonOutput.lambda$new$23(JsonOutput.java:204)\r\n\tat org.openqa.selenium.json.JsonOutput.write0(JsonOutput.java:409)\r\n\tat org.openqa.selenium.json.JsonOutput.lambda$new$24(JsonOutput.java:222)\r\n\tat java.base/java.util.Map.forEach(Map.java:733)\r\n\tat org.openqa.selenium.json.JsonOutput.lambda$new$25(JsonOutput.java:217)\r\n\tat org.openqa.selenium.json.JsonOutput.write0(JsonOutput.java:409)\r\n\tat org.openqa.selenium.json.JsonOutput.write(JsonOutput.java:400)\r\n\tat org.openqa.selenium.json.Json.toJson(Json.java:133)\r\n\tat org.openqa.selenium.json.Json.toJson(Json.java:119)\r\n\tat org.openqa.selenium.remote.codec.AbstractHttpCommandCodec.encode(AbstractHttpCommandCodec.java:236)\r\n\tat org.openqa.selenium.remote.codec.AbstractHttpCommandCodec.encode(AbstractHttpCommandCodec.java:109)\r\n\tat org.openqa.selenium.remote.HttpCommandExecutor.execute(HttpCommandExecutor.java:203)\r\n\tat org.openqa.selenium.remote.service.DriverCommandExecutor.invokeExecute(DriverCommandExecutor.java:216)\r\n\tat org.openqa.selenium.remote.service.DriverCommandExecutor.execute(DriverCommandExecutor.java:174)\r\n\tat org.openqa.selenium.remote.RemoteWebDriver.execute(RemoteWebDriver.java:544)\r\n\tat org.openqa.selenium.remote.RemoteWebDriver.perform(RemoteWebDriver.java:630)\r\n\tat org.openqa.selenium.interactions.Actions$BuiltAction.perform(Actions.java:616)\r\n\tat org.openqa.selenium.interactions.Actions.perform(Actions.java:581)\r\n\tat com.juice.factory.CreditCardPage.navigateToCreditCardMenuPage(CreditCardPage.java:65)\r\n\tat com.juice.steps.CreditCardSteps.el_usuario_accede_a_la_sección_de_información_de_pago(CreditCardSteps.java:24)\r\n\tat java.base/jdk.internal.reflect.DirectMethodHandleAccessor.invoke(DirectMethodHandleAccessor.java:103)\r\n\tat java.base/java.lang.reflect.Method.invoke(Method.java:580)\r\n\tat io.cucumber.java.Invoker.doInvoke(Invoker.java:66)\r\n\tat io.cucumber.java.Invoker.invoke(Invoker.java:24)\r\n\tat io.cucumber.java.AbstractGlueDefinition.invokeMethod(AbstractGlueDefinition.java:47)\r\n\tat io.cucumber.java.JavaStepDefinition.execute(JavaStepDefinition.java:29)\r\n\tat io.cucumber.core.runner.CoreStepDefinition.execute(CoreStepDefinition.java:66)\r\n\tat io.cucumber.core.runner.PickleStepDefinitionMatch.runStep(PickleStepDefinitionMatch.java:63)\r\n\tat io.cucumber.core.runner.ExecutionMode$1.execute(ExecutionMode.java:10)\r\n\tat io.cucumber.core.runner.TestStep.executeStep(TestStep.java:85)\r\n\tat io.cucumber.core.runner.TestStep.run(TestStep.java:57)\r\n\tat io.cucumber.core.runner.PickleStepTestStep.run(PickleStepTestStep.java:51)\r\n\tat io.cucumber.core.runner.TestCase.run(TestCase.java:84)\r\n\tat io.cucumber.core.runner.Runner.runPickle(Runner.java:75)\r\n\tat io.cucumber.testng.TestNGCucumberRunner.lambda$runScenario$1(TestNGCucumberRunner.java:132)\r\n\tat io.cucumber.core.runtime.CucumberExecutionContext.lambda$runTestCase$5(CucumberExecutionContext.java:129)\r\n\tat io.cucumber.core.runtime.RethrowingThrowableCollector.executeAndThrow(RethrowingThrowableCollector.java:23)\r\n\tat io.cucumber.core.runtime.CucumberExecutionContext.runTestCase(CucumberExecutionContext.java:129)\r\n\tat io.cucumber.testng.TestNGCucumberRunner.runScenario(TestNGCucumberRunner.java:129)\r\n\tat io.cucumber.testng.AbstractTestNGCucumberTests.runScenario(AbstractTestNGCucumberTests.java:35)\r\n\tat java.base/jdk.internal.reflect.DirectMethodHandleAccessor.invoke(DirectMethodHandleAccessor.java:103)\r\n\tat java.base/java.lang.reflect.Method.invoke(Method.java:580)\r\n\tat org.testng.internal.invokers.MethodInvocationHelper.invokeMethod(MethodInvocationHelper.java:135)\r\n\tat org.testng.internal.invokers.TestInvoker.invokeMethod(TestInvoker.java:673)\r\n\tat org.testng.internal.invokers.TestInvoker.invokeTestMethod(TestInvoker.java:220)\r\n\tat org.testng.internal.invokers.MethodRunner.runInSequence(MethodRunner.java:50)\r\n\tat org.testng.internal.invokers.TestInvoker$MethodInvocationAgent.invoke(TestInvoker.java:945)\r\n\tat org.testng.internal.invokers.TestInvoker.invokeTestMethods(TestInvoker.java:193)\r\n\tat org.testng.internal.invokers.TestMethodWorker.invokeTestMethods(TestMethodWorker.java:146)\r\n\tat org.testng.internal.invokers.TestMethodWorker.run(TestMethodWorker.java:128)\r\n\tat java.base/java.util.ArrayList.forEach(ArrayList.java:1597)\r\n\tat org.testng.TestRunner.privateRun(TestRunner.java:808)\r\n\tat org.testng.TestRunner.run(TestRunner.java:603)\r\n\tat org.testng.SuiteRunner.runTest(SuiteRunner.java:429)\r\n\tat org.testng.SuiteRunner.runSequentially(SuiteRunner.java:423)\r\n\tat org.testng.SuiteRunner.privateRun(SuiteRunner.java:383)\r\n\tat org.testng.SuiteRunner.run(SuiteRunner.java:326)\r\n\tat org.testng.SuiteRunnerWorker.runSuite(SuiteRunnerWorker.java:52)\r\n\tat org.testng.SuiteRunnerWorker.run(SuiteRunnerWorker.java:95)\r\n\tat org.testng.TestNG.runSuitesSequentially(TestNG.java:1249)\r\n\tat org.testng.TestNG.runSuitesLocally(TestNG.java:1169)\r\n\tat org.testng.TestNG.runSuites(TestNG.java:1092)\r\n\tat org.testng.TestNG.run(TestNG.java:1060)\r\n\tat com.intellij.rt.testng.IDEARemoteTestNG.run(IDEARemoteTestNG.java:65)\r\n\tat com.intellij.rt.testng.RemoteTestNGStarter.main(RemoteTestNGStarter.java:105)\r\nCaused by: org.openqa.selenium.NoSuchElementException: no such element: Unable to locate element: {\"method\":\"xpath\",\"selector\":\"(//*[@id=\"mat-menu-panel-0\"]//div)[3]\"}\n  (Session info: chrome=137.0.7151.122)\nFor documentation on this error, please visit: https://www.selenium.dev/documentation/webdriver/troubleshooting/errors#no-such-element-exception\nBuild info: version: '4.33.0', revision: '2c6aaad03a'\nSystem info: os.name: 'Windows 11', os.arch: 'amd64', os.version: '10.0', java.version: '23.0.2'\nDriver info: org.openqa.selenium.chrome.ChromeDriver\nCommand: [3b68f19b9559ee4027e6ae6cdeeab3f1, findElement {value=(//*[@id=\"mat-menu-panel-0\"]//div)[3], using=xpath}]\nCapabilities {acceptInsecureCerts: false, browserName: chrome, browserVersion: 137.0.7151.122, chrome: {chromedriverVersion: 137.0.7151.119 (e0ac9d12dff..., userDataDir: C:\\Users\\crish\\AppData\\Loca...}, fedcm:accounts: true, goog:chromeOptions: {debuggerAddress: localhost:59349}, networkConnectionEnabled: false, pageLoadStrategy: normal, platformName: windows, proxy: Proxy(), se:cdp: ws://localhost:59349/devtoo..., se:cdpVersion: 137.0.7151.122, setWindowRect: true, strictFileInteractability: false, timeouts: {implicit: 0, pageLoad: 300000, script: 30000}, unhandledPromptBehavior: dismiss and notify, webauthn:extension:credBlob: true, webauthn:extension:largeBlob: true, webauthn:extension:minPinLength: true, webauthn:extension:prf: true, webauthn:virtualAuthenticators: true}\nSession ID: 3b68f19b9559ee4027e6ae6cdeeab3f1\r\n\tat java.base/jdk.internal.reflect.DirectConstructorHandleAccessor.newInstance(DirectConstructorHandleAccessor.java:62)\r\n\tat java.base/java.lang.reflect.Constructor.newInstanceWithCaller(Constructor.java:501)\r\n\tat java.base/java.lang.reflect.Constructor.newInstance(Constructor.java:485)\r\n\tat org.openqa.selenium.remote.ErrorCodec.decode(ErrorCodec.java:167)\r\n\tat org.openqa.selenium.remote.codec.w3c.W3CHttpResponseCodec.decode(W3CHttpResponseCodec.java:138)\r\n\tat org.openqa.selenium.remote.codec.w3c.W3CHttpResponseCodec.decode(W3CHttpResponseCodec.java:50)\r\n\tat org.openqa.selenium.remote.HttpCommandExecutor.execute(HttpCommandExecutor.java:215)\r\n\tat org.openqa.selenium.remote.service.DriverCommandExecutor.invokeExecute(DriverCommandExecutor.java:216)\r\n\tat org.openqa.selenium.remote.service.DriverCommandExecutor.execute(DriverCommandExecutor.java:174)\r\n\tat org.openqa.selenium.remote.RemoteWebDriver.execute(RemoteWebDriver.java:544)\r\n\tat org.openqa.selenium.remote.ElementLocation$ElementFinder$2.findElement(ElementLocation.java:165)\r\n\tat org.openqa.selenium.remote.ElementLocation.findElement(ElementLocation.java:59)\r\n\tat org.openqa.selenium.remote.RemoteWebDriver.findElement(RemoteWebDriver.java:367)\r\n\tat org.openqa.selenium.remote.RemoteWebDriver.findElement(RemoteWebDriver.java:361)\r\n\tat org.openqa.selenium.support.pagefactory.DefaultElementLocator.findElement(DefaultElementLocator.java:68)\r\n\tat org.openqa.selenium.support.pagefactory.internal.LocatingElementHandler.invoke(LocatingElementHandler.java:38)\r\n\tat jdk.proxy2/jdk.proxy2.$Proxy27.getWrappedElement(Unknown Source)\r\n\tat org.openqa.selenium.interactions.PointerInput$Origin.asArg(PointerInput.java:262)\r\n\tat org.openqa.selenium.interactions.PointerInput$Move.encode(PointerInput.java:211)\r\n\tat org.openqa.selenium.interactions.Sequence.encode(Sequence.java:74)\r\n\tat org.openqa.selenium.interactions.Sequence.toJson(Sequence.java:83)\r\n\tat java.base/jdk.internal.reflect.DirectMethodHandleAccessor.invoke(DirectMethodHandleAccessor.java:103)\r\n\t... 80 more\r\n","steps":[],"attachments":[],"parameters":[],"attachmentsCount":0,"shouldDisplayMessage":true,"stepsCount":0,"attachmentStep":false,"hasContent":true},{"name":"Y  agrega nuevas tarjetas de crédito con detalles válidos","time":{"start":1751380718392,"stop":1751380718404,"duration":12},"status":"skipped","steps":[],"attachments":[{"uid":"97af3ff418e72e21","name":"Data table","source":"97af3ff418e72e21.csv","type":"text/tab-separated-values","size":109}],"parameters":[],"attachmentsCount":1,"shouldDisplayMessage":false,"stepsCount":0,"attachmentStep":false,"hasContent":true},{"name":"Y  guarda la nueva tarjeta","time":{"start":1751380718405,"stop":1751380718406,"duration":1},"status":"skipped","steps":[],"attachments":[],"parameters":[],"attachmentsCount":0,"shouldDisplayMessage":false,"stepsCount":0,"attachmentStep":false,"hasContent":false},{"name":"Entonces  el sistema debe mostrar un mensaje de confirmación y la tarjeta de crédito debe estar asociada a la cuenta del usuario","time":{"start":1751380718409,"stop":1751380718411,"duration":2},"status":"skipped","steps":[],"attachments":[],"parameters":[],"attachmentsCount":0,"shouldDisplayMessage":false,"stepsCount":0,"attachmentStep":false,"hasContent":false}],"attachments":[],"parameters":[],"attachmentsCount":1,"shouldDisplayMessage":false,"stepsCount":7,"attachmentStep":false,"hasContent":true},"afterStages":[{"name":"com.juice.hooks.Hooks.tearDown()","time":{"start":1751380718413,"stop":1751380718742,"duration":329},"status":"passed","steps":[],"attachments":[],"parameters":[],"attachmentsCount":0,"shouldDisplayMessage":false,"stepsCount":0,"attachmentStep":false,"hasContent":false}],"labels":[{"name":"tag","value":"CreditCard"},{"name":"tag","value":"CreditCardSuccessListO4"},{"name":"tag","value":"EndToEnd"},{"name":"host","value":"CristianPC"},{"name":"thread","value":"8236@CristianPC.main(1)"},{"name":"feature","value":"Nuevo registro direccion"},{"name":"story","value":"Agregar Tarjeta de Crédito"},{"name":"suite","value":"Nuevo registro direccion"},{"name":"testClass","value":"Agregar Tarjeta de Crédito"},{"name":"framework","value":"cucumber4jvm"},{"name":"language","value":"java"},{"name":"gherkin_uri","value":"file:///C:/Users/crish/IdeaProjects/SeleniumWebFinalProject/src/test/resources/features/account/creditcard.feature"},{"name":"package","value":"src.test.resources.features.account.creditcard_feature.Nuevo registro direccion"},{"name":"resultFormat","value":"allure2"}],"parameters":[],"links":[],"hidden":true,"retry":true,"extra":{"categories":[],"tags":["CreditCardSuccessListO4","EndToEnd","CreditCard"]},"source":"478e33de3509c099.json","parameterValues":[]}